<?xml version="1.0" encoding="UTF-8"?>
<testsuite name="com.todo.todo.Controller.AuthControllerTest" tests="1" skipped="0" failures="0" errors="0" timestamp="2025-01-31T13:46:58" hostname="DESKTOP-FIRKBFF" time="0.379">
  <properties/>
  <testcase name="testLogin_Success()" classname="com.todo.todo.Controller.AuthControllerTest" time="0.379"/>
  <system-out><![CDATA[
  .   ____          _            __ _ _
 /\\ / ___'_ __ _ _(_)_ __  __ _ \ \ \ \
( ( )\___ | '_ | '_| | '_ \/ _` | \ \ \ \
 \\/  ___)| |_)| | | | | || (_| |  ) ) ) )
  '  |____| .__|_| |_|_| |_\__, | / / / /
 =========|_|==============|___/=/_/_/_/

 :: Spring Boot ::                (v3.4.2)

2025-01-31T22:46:54.988+09:00  INFO 12632 --- [todo] [    Test worker] c.t.todo.Controller.AuthControllerTest   : Starting AuthControllerTest using Java 17.0.2 with PID 12632 (started by a in C:\Users\a\Documents\project_Todo\todo)
2025-01-31T22:46:54.997+09:00  INFO 12632 --- [todo] [    Test worker] c.t.todo.Controller.AuthControllerTest   : No active profile set, falling back to 1 default profile: "default"
2025-01-31T22:46:57.996+09:00  INFO 12632 --- [todo] [    Test worker] o.s.b.t.m.w.SpringBootMockServletContext : Initializing Spring TestDispatcherServlet ''
2025-01-31T22:46:57.996+09:00  INFO 12632 --- [todo] [    Test worker] o.s.t.web.servlet.TestDispatcherServlet  : Initializing Servlet ''
2025-01-31T22:46:58.000+09:00  INFO 12632 --- [todo] [    Test worker] o.s.t.web.servlet.TestDispatcherServlet  : Completed initialization in 4 ms
2025-01-31T22:46:58.068+09:00  INFO 12632 --- [todo] [    Test worker] c.t.todo.Controller.AuthControllerTest   : Started AuthControllerTest in 4.314 seconds (process running for 7.473)
2025-01-31T22:46:58.185+09:00  INFO 12632 --- [todo] [    Test worker] o.s.mock.web.MockServletContext          : Initializing Spring TestDispatcherServlet ''
2025-01-31T22:46:58.186+09:00  INFO 12632 --- [todo] [    Test worker] o.s.t.web.servlet.TestDispatcherServlet  : Initializing Servlet ''
2025-01-31T22:46:58.187+09:00  INFO 12632 --- [todo] [    Test worker] o.s.t.web.servlet.TestDispatcherServlet  : Completed initialization in 1 ms
]]></system-out>
  <system-err><![CDATA[]]></system-err>
</testsuite>
