<?xml version="1.0" encoding="UTF-8"?>
<testsuite name="com.todo.todo.Service.TodoServiceTest" tests="1" skipped="0" failures="0" errors="0" timestamp="2025-02-17T08:55:38" hostname="DESKTOP-FIRKBFF" time="1.507">
  <properties/>
  <testcase name="testUpdate()" classname="com.todo.todo.Service.TodoServiceTest" time="1.507"/>
  <system-out><![CDATA[17:55:19.293 [Test worker] INFO org.springframework.test.context.support.AnnotationConfigContextLoaderUtils -- Could not detect default configuration classes for test class [com.todo.todo.Service.TodoServiceTest]: TodoServiceTest does not declare any static, non-private, non-final, nested classes annotated with @Configuration.
17:55:19.512 [Test worker] INFO org.springframework.boot.test.context.SpringBootTestContextBootstrapper -- Found @SpringBootConfiguration com.todo.todo.TodoApplication for test class com.todo.todo.Service.TodoServiceTest

  .   ____          _            __ _ _
 /\\ / ___'_ __ _ _(_)_ __  __ _ \ \ \ \
( ( )\___ | '_ | '_| | '_ \/ _` | \ \ \ \
 \\/  ___)| |_)| | | | | || (_| |  ) ) ) )
  '  |____| .__|_| |_|_| |_\__, | / / / /
 =========|_|==============|___/=/_/_/_/

 :: Spring Boot ::                (v3.4.2)

2025-02-17T17:55:21.098+09:00  INFO 3352 --- [todo] [    Test worker] com.todo.todo.Service.TodoServiceTest    : Starting TodoServiceTest using Java 17.0.2 with PID 3352 (started by a in C:\Users\a\Documents\project_Todo\todo)
2025-02-17T17:55:21.106+09:00  INFO 3352 --- [todo] [    Test worker] com.todo.todo.Service.TodoServiceTest    : No active profile set, falling back to 1 default profile: "default"
2025-02-17T17:55:23.681+09:00  INFO 3352 --- [todo] [    Test worker] .s.d.r.c.RepositoryConfigurationDelegate : Multiple Spring Data modules found, entering strict repository configuration mode
2025-02-17T17:55:23.682+09:00  INFO 3352 --- [todo] [    Test worker] .s.d.r.c.RepositoryConfigurationDelegate : Bootstrapping Spring Data JDBC repositories in DEFAULT mode.
2025-02-17T17:55:23.742+09:00  INFO 3352 --- [todo] [    Test worker] .RepositoryConfigurationExtensionSupport : Spring Data JDBC - Could not safely identify store assignment for repository candidate interface com.todo.todo.Repository.TodoRepository; If you want this repository to be a JDBC repository, consider annotating your entities with one of these annotations: org.springframework.data.relational.core.mapping.Table.
2025-02-17T17:55:23.744+09:00  INFO 3352 --- [todo] [    Test worker] .RepositoryConfigurationExtensionSupport : Spring Data JDBC - Could not safely identify store assignment for repository candidate interface com.todo.todo.Repository.UserRepository; If you want this repository to be a JDBC repository, consider annotating your entities with one of these annotations: org.springframework.data.relational.core.mapping.Table.
2025-02-17T17:55:23.746+09:00  INFO 3352 --- [todo] [    Test worker] .s.d.r.c.RepositoryConfigurationDelegate : Finished Spring Data repository scanning in 52 ms. Found 0 JDBC repository interfaces.
2025-02-17T17:55:23.763+09:00  INFO 3352 --- [todo] [    Test worker] .s.d.r.c.RepositoryConfigurationDelegate : Multiple Spring Data modules found, entering strict repository configuration mode
2025-02-17T17:55:23.765+09:00  INFO 3352 --- [todo] [    Test worker] .s.d.r.c.RepositoryConfigurationDelegate : Bootstrapping Spring Data JPA repositories in DEFAULT mode.
2025-02-17T17:55:23.990+09:00  INFO 3352 --- [todo] [    Test worker] .s.d.r.c.RepositoryConfigurationDelegate : Finished Spring Data repository scanning in 214 ms. Found 2 JPA repository interfaces.
2025-02-17T17:55:26.523+09:00  INFO 3352 --- [todo] [    Test worker] o.hibernate.jpa.internal.util.LogHelper  : HHH000204: Processing PersistenceUnitInfo [name: default]
2025-02-17T17:55:26.792+09:00  INFO 3352 --- [todo] [    Test worker] org.hibernate.Version                    : HHH000412: Hibernate ORM core version 6.6.5.Final
2025-02-17T17:55:26.938+09:00  INFO 3352 --- [todo] [    Test worker] o.h.c.internal.RegionFactoryInitiator    : HHH000026: Second-level cache disabled
2025-02-17T17:55:27.885+09:00  INFO 3352 --- [todo] [    Test worker] o.s.o.j.p.SpringPersistenceUnitInfo      : No LoadTimeWeaver setup: ignoring JPA class transformer
2025-02-17T17:55:28.008+09:00  INFO 3352 --- [todo] [    Test worker] com.zaxxer.hikari.HikariDataSource       : HikariPool-1 - Starting...
2025-02-17T17:55:28.626+09:00  INFO 3352 --- [todo] [    Test worker] com.zaxxer.hikari.pool.HikariPool        : HikariPool-1 - Added connection com.mysql.cj.jdbc.ConnectionImpl@4d3990a5
2025-02-17T17:55:28.631+09:00  INFO 3352 --- [todo] [    Test worker] com.zaxxer.hikari.HikariDataSource       : HikariPool-1 - Start completed.
2025-02-17T17:55:28.850+09:00  INFO 3352 --- [todo] [    Test worker] org.hibernate.orm.connections.pooling    : HHH10001005: Database info:
	Database JDBC URL [Connecting through datasource 'HikariDataSource (HikariPool-1)']
	Database driver: undefined/unknown
	Database version: 8.0.37
	Autocommit mode: undefined/unknown
	Isolation level: undefined/unknown
	Minimum pool size: undefined/unknown
	Maximum pool size: undefined/unknown
2025-02-17T17:55:31.653+09:00  INFO 3352 --- [todo] [    Test worker] o.h.e.t.j.p.i.JtaPlatformInitiator       : HHH000489: No JTA platform available (set 'hibernate.transaction.jta.platform' to enable JTA platform integration)
2025-02-17T17:55:31.825+09:00  INFO 3352 --- [todo] [    Test worker] j.LocalContainerEntityManagerFactoryBean : Initialized JPA EntityManagerFactory for persistence unit 'default'
2025-02-17T17:55:33.717+09:00  INFO 3352 --- [todo] [    Test worker] r$InitializeUserDetailsManagerConfigurer : Global AuthenticationManager configured with UserDetailsService bean with name customUserDetailsService
2025-02-17T17:55:35.645+09:00  INFO 3352 --- [todo] [    Test worker] o.s.b.a.e.web.EndpointLinksResolver      : Exposing 1 endpoint beneath base path '/actuator'
2025-02-17T17:55:36.106+09:00 DEBUG 3352 --- [todo] [    Test worker] o.s.s.web.DefaultSecurityFilterChain     : Will secure any request with filters: DisableEncodeUrlFilter, WebAsyncManagerIntegrationFilter, SecurityContextHolderFilter, HeaderWriterFilter, LogoutFilter, OAuth2AuthorizationRequestRedirectFilter, OAuth2LoginAuthenticationFilter, JwtAuthenticationFilter, DefaultResourcesFilter, DefaultLoginPageGeneratingFilter, DefaultLogoutPageGeneratingFilter, BasicAuthenticationFilter, RequestCacheAwareFilter, SecurityContextHolderAwareRequestFilter, AnonymousAuthenticationFilter, SessionManagementFilter, ExceptionTranslationFilter, AuthorizationFilter
2025-02-17T17:55:38.472+09:00  INFO 3352 --- [todo] [    Test worker] com.todo.todo.Service.TodoServiceTest    : Started TodoServiceTest in 18.648 seconds (process running for 21.697)
Hibernate: 
    insert 
    into
        user
        (email, password, provider, username) 
    values
        (?, ?, ?, ?)
Hibernate: 
    insert 
    into
        todo
        (title, user_id) 
    values
        (?, ?)
Hibernate: 
    update
        todo 
    set
        title=?,
        user_id=? 
    where
        id=?
Hibernate: 
    select
        t1_0.id,
        t1_0.title,
        t1_0.user_id 
    from
        todo t1_0 
    left join
        user u1_0 
            on u1_0.user_id=t1_0.user_id 
    where
        u1_0.email=? 
        and u1_0.provider=?
]]></system-out>
  <system-err><![CDATA[]]></system-err>
</testsuite>
