<?xml version="1.0" encoding="UTF-8"?>
<testsuite name="com.todo.todo.Repository.TodoRepositoryTest" tests="2" skipped="0" failures="0" errors="0" timestamp="2025-02-19T11:50:38" hostname="DESKTOP-FIRKBFF" time="1.091">
  <properties/>
  <testcase name="testFindAll()" classname="com.todo.todo.Repository.TodoRepositoryTest" time="1.061"/>
  <testcase name="testSaveAndFind()" classname="com.todo.todo.Repository.TodoRepositoryTest" time="0.027"/>
  <system-out><![CDATA[20:50:27.307 [Test worker] INFO org.springframework.test.context.support.AnnotationConfigContextLoaderUtils -- Could not detect default configuration classes for test class [com.todo.todo.Repository.TodoRepositoryTest]: TodoRepositoryTest does not declare any static, non-private, non-final, nested classes annotated with @Configuration.
20:50:27.546 [Test worker] INFO org.springframework.boot.test.context.SpringBootTestContextBootstrapper -- Found @SpringBootConfiguration com.todo.todo.TodoApplication for test class com.todo.todo.Repository.TodoRepositoryTest

  .   ____          _            __ _ _
 /\\ / ___'_ __ _ _(_)_ __  __ _ \ \ \ \
( ( )\___ | '_ | '_| | '_ \/ _` | \ \ \ \
 \\/  ___)| |_)| | | | | || (_| |  ) ) ) )
  '  |____| .__|_| |_|_| |_\__, | / / / /
 =========|_|==============|___/=/_/_/_/

 :: Spring Boot ::                (v3.4.2)

2025-02-19T20:50:28.229+09:00  INFO 10488 --- [todo] [    Test worker] c.t.todo.Repository.TodoRepositoryTest   : Starting TodoRepositoryTest using Java 17.0.2 with PID 10488 (started by a in C:\Users\a\Documents\project_Todo\todo)
2025-02-19T20:50:28.232+09:00  INFO 10488 --- [todo] [    Test worker] c.t.todo.Repository.TodoRepositoryTest   : The following 1 profile is active: "test"
2025-02-19T20:50:30.445+09:00  INFO 10488 --- [todo] [    Test worker] .s.d.r.c.RepositoryConfigurationDelegate : Multiple Spring Data modules found, entering strict repository configuration mode
2025-02-19T20:50:30.447+09:00  INFO 10488 --- [todo] [    Test worker] .s.d.r.c.RepositoryConfigurationDelegate : Bootstrapping Spring Data JDBC repositories in DEFAULT mode.
2025-02-19T20:50:30.500+09:00  INFO 10488 --- [todo] [    Test worker] .RepositoryConfigurationExtensionSupport : Spring Data JDBC - Could not safely identify store assignment for repository candidate interface com.todo.todo.Repository.TodoRepository; If you want this repository to be a JDBC repository, consider annotating your entities with one of these annotations: org.springframework.data.relational.core.mapping.Table.
2025-02-19T20:50:30.504+09:00  INFO 10488 --- [todo] [    Test worker] .RepositoryConfigurationExtensionSupport : Spring Data JDBC - Could not safely identify store assignment for repository candidate interface com.todo.todo.Repository.UserRepository; If you want this repository to be a JDBC repository, consider annotating your entities with one of these annotations: org.springframework.data.relational.core.mapping.Table.
2025-02-19T20:50:30.505+09:00  INFO 10488 --- [todo] [    Test worker] .s.d.r.c.RepositoryConfigurationDelegate : Finished Spring Data repository scanning in 47 ms. Found 0 JDBC repository interfaces.
2025-02-19T20:50:30.526+09:00  INFO 10488 --- [todo] [    Test worker] .s.d.r.c.RepositoryConfigurationDelegate : Multiple Spring Data modules found, entering strict repository configuration mode
2025-02-19T20:50:30.528+09:00  INFO 10488 --- [todo] [    Test worker] .s.d.r.c.RepositoryConfigurationDelegate : Bootstrapping Spring Data JPA repositories in DEFAULT mode.
2025-02-19T20:50:30.579+09:00  INFO 10488 --- [todo] [    Test worker] .s.d.r.c.RepositoryConfigurationDelegate : Finished Spring Data repository scanning in 41 ms. Found 2 JPA repository interfaces.
2025-02-19T20:50:31.941+09:00  INFO 10488 --- [todo] [    Test worker] o.hibernate.jpa.internal.util.LogHelper  : HHH000204: Processing PersistenceUnitInfo [name: default]
2025-02-19T20:50:32.065+09:00  INFO 10488 --- [todo] [    Test worker] org.hibernate.Version                    : HHH000412: Hibernate ORM core version 6.6.5.Final
2025-02-19T20:50:32.141+09:00  INFO 10488 --- [todo] [    Test worker] o.h.c.internal.RegionFactoryInitiator    : HHH000026: Second-level cache disabled
2025-02-19T20:50:32.664+09:00  INFO 10488 --- [todo] [    Test worker] o.s.o.j.p.SpringPersistenceUnitInfo      : No LoadTimeWeaver setup: ignoring JPA class transformer
2025-02-19T20:50:32.722+09:00  INFO 10488 --- [todo] [    Test worker] com.zaxxer.hikari.HikariDataSource       : HikariPool-1 - Starting...
2025-02-19T20:50:32.946+09:00  INFO 10488 --- [todo] [    Test worker] com.zaxxer.hikari.pool.HikariPool        : HikariPool-1 - Added connection com.mysql.cj.jdbc.ConnectionImpl@4c0930c4
2025-02-19T20:50:32.949+09:00  INFO 10488 --- [todo] [    Test worker] com.zaxxer.hikari.HikariDataSource       : HikariPool-1 - Start completed.
2025-02-19T20:50:32.996+09:00  WARN 10488 --- [todo] [    Test worker] org.hibernate.orm.deprecation            : HHH90000025: MySQL8Dialect does not need to be specified explicitly using 'hibernate.dialect' (remove the property setting and it will be selected by default)
2025-02-19T20:50:32.998+09:00  WARN 10488 --- [todo] [    Test worker] org.hibernate.orm.deprecation            : HHH90000026: MySQL8Dialect has been deprecated; use org.hibernate.dialect.MySQLDialect instead
2025-02-19T20:50:33.026+09:00  INFO 10488 --- [todo] [    Test worker] org.hibernate.orm.connections.pooling    : HHH10001005: Database info:
	Database JDBC URL [Connecting through datasource 'HikariDataSource (HikariPool-1)']
	Database driver: undefined/unknown
	Database version: 8.0
	Autocommit mode: undefined/unknown
	Isolation level: undefined/unknown
	Minimum pool size: undefined/unknown
	Maximum pool size: undefined/unknown
2025-02-19T20:50:34.455+09:00  INFO 10488 --- [todo] [    Test worker] o.h.e.t.j.p.i.JtaPlatformInitiator       : HHH000489: No JTA platform available (set 'hibernate.transaction.jta.platform' to enable JTA platform integration)
2025-02-19T20:50:34.538+09:00  INFO 10488 --- [todo] [    Test worker] j.LocalContainerEntityManagerFactoryBean : Initialized JPA EntityManagerFactory for persistence unit 'default'
2025-02-19T20:50:35.627+09:00  INFO 10488 --- [todo] [    Test worker] r$InitializeUserDetailsManagerConfigurer : Global AuthenticationManager configured with UserDetailsService bean with name customUserDetailsService
2025-02-19T20:50:36.678+09:00  INFO 10488 --- [todo] [    Test worker] o.s.b.a.e.web.EndpointLinksResolver      : Exposing 1 endpoint beneath base path '/actuator'
2025-02-19T20:50:36.982+09:00 DEBUG 10488 --- [todo] [    Test worker] o.s.s.web.DefaultSecurityFilterChain     : Will secure any request with filters: DisableEncodeUrlFilter, WebAsyncManagerIntegrationFilter, SecurityContextHolderFilter, HeaderWriterFilter, LogoutFilter, OAuth2AuthorizationRequestRedirectFilter, OAuth2LoginAuthenticationFilter, JwtAuthenticationFilter, DefaultResourcesFilter, DefaultLoginPageGeneratingFilter, DefaultLogoutPageGeneratingFilter, BasicAuthenticationFilter, RequestCacheAwareFilter, SecurityContextHolderAwareRequestFilter, AnonymousAuthenticationFilter, SessionManagementFilter, ExceptionTranslationFilter, AuthorizationFilter
2025-02-19T20:50:38.716+09:00  INFO 10488 --- [todo] [    Test worker] c.t.todo.Repository.TodoRepositoryTest   : Started TodoRepositoryTest in 10.892 seconds (process running for 12.682)
Hibernate: 
    insert 
    into
        todo
        (title, user_id) 
    values
        (?, ?)
Hibernate: 
    insert 
    into
        todo
        (title, user_id) 
    values
        (?, ?)
Hibernate: 
    select
        t1_0.id,
        t1_0.title,
        t1_0.user_id 
    from
        todo t1_0
Hibernate: 
    select
        u1_0.user_id,
        u1_0.email,
        u1_0.password,
        u1_0.provider,
        u1_0.username,
        t1_0.user_id,
        t1_0.id,
        t1_0.title 
    from
        user u1_0 
    left join
        todo t1_0 
            on u1_0.user_id=t1_0.user_id 
    where
        u1_0.user_id=?
Hibernate: 
    insert 
    into
        todo
        (title, user_id) 
    values
        (?, ?)
]]></system-out>
  <system-err><![CDATA[]]></system-err>
</testsuite>
