<?xml version="1.0" encoding="UTF-8"?>
<testsuite name="com.todo.todo.Controller.AuthControllerTest" tests="4" skipped="0" failures="0" errors="0" timestamp="2025-02-12T10:45:32" hostname="DESKTOP-FIRKBFF" time="0.369">
  <properties/>
  <testcase name="testLogin_Failure_InvalidCredentials()" classname="com.todo.todo.Controller.AuthControllerTest" time="0.19"/>
  <testcase name="testLogin_Success()" classname="com.todo.todo.Controller.AuthControllerTest" time="0.05"/>
  <testcase name="testGetProfile_Success()" classname="com.todo.todo.Controller.AuthControllerTest" time="0.097"/>
  <testcase name="testGetProfile_Failure_UserNotFound()" classname="com.todo.todo.Controller.AuthControllerTest" time="0.023"/>
  <system-out><![CDATA[
  .   ____          _            __ _ _
 /\\ / ___'_ __ _ _(_)_ __  __ _ \ \ \ \
( ( )\___ | '_ | '_| | '_ \/ _` | \ \ \ \
 \\/  ___)| |_)| | | | | || (_| |  ) ) ) )
  '  |____| .__|_| |_|_| |_\__, | / / / /
 =========|_|==============|___/=/_/_/_/

 :: Spring Boot ::                (v3.4.2)

2025-02-12T19:45:29.968+09:00  INFO 17656 --- [todo] [    Test worker] c.t.todo.Controller.AuthControllerTest   : Starting AuthControllerTest using Java 17.0.2 with PID 17656 (started by a in C:\Users\a\Documents\project_Todo\todo)
2025-02-12T19:45:29.975+09:00  INFO 17656 --- [todo] [    Test worker] c.t.todo.Controller.AuthControllerTest   : No active profile set, falling back to 1 default profile: "default"
2025-02-12T19:45:32.300+09:00 DEBUG 17656 --- [todo] [    Test worker] swordEncoderAuthenticationManagerBuilder : No authenticationProviders and no parentAuthenticationManager defined. Returning null.
2025-02-12T19:45:32.475+09:00 DEBUG 17656 --- [todo] [    Test worker] o.s.s.web.DefaultSecurityFilterChain     : Will secure any request with filters: DisableEncodeUrlFilter, WebAsyncManagerIntegrationFilter, SecurityContextHolderFilter, HeaderWriterFilter, CsrfFilter, LogoutFilter, OAuth2AuthorizationRequestRedirectFilter, OAuth2AuthorizationRequestRedirectFilter, OAuth2LoginAuthenticationFilter, DefaultResourcesFilter, DefaultLoginPageGeneratingFilter, DefaultLogoutPageGeneratingFilter, RequestCacheAwareFilter, SecurityContextHolderAwareRequestFilter, AnonymousAuthenticationFilter, OAuth2AuthorizationCodeGrantFilter, ExceptionTranslationFilter, AuthorizationFilter
2025-02-12T19:45:32.582+09:00  INFO 17656 --- [todo] [    Test worker] o.s.b.t.m.w.SpringBootMockServletContext : Initializing Spring TestDispatcherServlet ''
2025-02-12T19:45:32.582+09:00  INFO 17656 --- [todo] [    Test worker] o.s.t.web.servlet.TestDispatcherServlet  : Initializing Servlet ''
2025-02-12T19:45:32.584+09:00  INFO 17656 --- [todo] [    Test worker] o.s.t.web.servlet.TestDispatcherServlet  : Completed initialization in 2 ms
2025-02-12T19:45:32.641+09:00  INFO 17656 --- [todo] [    Test worker] c.t.todo.Controller.AuthControllerTest   : Started AuthControllerTest in 3.352 seconds (process running for 6.886)
2025-02-12T19:45:32.699+09:00  INFO 17656 --- [todo] [    Test worker] o.s.mock.web.MockServletContext          : Initializing Spring TestDispatcherServlet ''
2025-02-12T19:45:32.699+09:00  INFO 17656 --- [todo] [    Test worker] o.s.t.web.servlet.TestDispatcherServlet  : Initializing Servlet ''
2025-02-12T19:45:32.700+09:00  INFO 17656 --- [todo] [    Test worker] o.s.t.web.servlet.TestDispatcherServlet  : Completed initialization in 1 ms
2025-02-12T19:45:32.863+09:00  INFO 17656 --- [todo] [    Test worker] o.s.mock.web.MockServletContext          : Initializing Spring TestDispatcherServlet ''
2025-02-12T19:45:32.864+09:00  INFO 17656 --- [todo] [    Test worker] o.s.t.web.servlet.TestDispatcherServlet  : Initializing Servlet ''
2025-02-12T19:45:32.864+09:00  INFO 17656 --- [todo] [    Test worker] o.s.t.web.servlet.TestDispatcherServlet  : Completed initialization in 0 ms
2025-02-12T19:45:32.910+09:00  INFO 17656 --- [todo] [    Test worker] o.s.mock.web.MockServletContext          : Initializing Spring TestDispatcherServlet ''
2025-02-12T19:45:32.910+09:00  INFO 17656 --- [todo] [    Test worker] o.s.t.web.servlet.TestDispatcherServlet  : Initializing Servlet ''
2025-02-12T19:45:32.910+09:00  INFO 17656 --- [todo] [    Test worker] o.s.t.web.servlet.TestDispatcherServlet  : Completed initialization in 0 ms
2025-02-12T19:45:32.957+09:00  INFO 17656 --- [todo] [    Test worker] c.todo.todo.Controller.AuthController    : get email
2025-02-12T19:45:32.961+09:00  INFO 17656 --- [todo] [    Test worker] c.todo.todo.Controller.AuthController    : sub : Mock for DecodedJWT, hashCode: 965190120
2025-02-12T19:45:32.961+09:00  INFO 17656 --- [todo] [    Test worker] c.todo.todo.Controller.AuthController    : user: test@example.com
2025-02-12T19:45:33.010+09:00  INFO 17656 --- [todo] [    Test worker] o.s.mock.web.MockServletContext          : Initializing Spring TestDispatcherServlet ''
2025-02-12T19:45:33.010+09:00  INFO 17656 --- [todo] [    Test worker] o.s.t.web.servlet.TestDispatcherServlet  : Initializing Servlet ''
2025-02-12T19:45:33.011+09:00  INFO 17656 --- [todo] [    Test worker] o.s.t.web.servlet.TestDispatcherServlet  : Completed initialization in 1 ms
2025-02-12T19:45:33.014+09:00  INFO 17656 --- [todo] [    Test worker] c.todo.todo.Controller.AuthController    : get email
2025-02-12T19:45:33.015+09:00  INFO 17656 --- [todo] [    Test worker] c.todo.todo.Controller.AuthController    : sub : Mock for DecodedJWT, hashCode: 950172366
2025-02-12T19:45:33.015+09:00  INFO 17656 --- [todo] [    Test worker] c.todo.todo.Controller.AuthController    : user: nonexistent@example.com
]]></system-out>
  <system-err><![CDATA[]]></system-err>
</testsuite>
